2026-01-23 21:47:30,414 | INFO | Pipeline started
2026-01-23 21:47:30,414 | INFO | Loading data from data/sample.csv
2026-01-23 21:47:30,416 | INFO | Schema validation passed
2026-01-23 21:47:30,417 | INFO | Feature engineering completed | X: (10, 1), y: (10,)
2026-01-23 21:47:30,420 | INFO | Model evaluation metrics: {'rmse': np.float64(5.1448789686149945e-12), 'r2': 1.0}
2026-01-23 21:47:30,421 | INFO | Model saved to artificats/models/linear_regression.pkl
2026-01-23 21:47:30,424 | INFO | Sample prediction: [130000.]
2026-01-23 21:47:30,424 | INFO | Run metadata saved to artifacts\metadata\run_metadata.json
2026-01-23 21:47:30,424 | INFO | Pipeline completed successfully
2026-01-23 23:07:32,023 | INFO | Pipeline started
2026-01-23 23:07:32,024 | INFO | Loading data from data/sample.csv
2026-01-23 23:07:32,026 | INFO | Schema validation passed
2026-01-23 23:07:32,027 | INFO | Feature engineering completed | X: (10, 1), y: (10,)
2026-01-23 23:07:32,030 | INFO | Model evaluation metrics: {'rmse': np.float64(5.1448789686149945e-12), 'r2': 1.0}
2026-01-23 23:07:32,031 | INFO | Model saved to artificats/models/linear_regression.pkl
2026-01-23 23:07:32,034 | INFO | Sample prediction: [130000.]
2026-01-23 23:07:32,035 | INFO | Run metadata saved to artifacts\metadata\run_metadata.json
2026-01-23 23:07:32,035 | INFO | Pipeline completed successfully
2026-01-23 23:11:38,759 | INFO | Pipeline started
2026-01-23 23:11:38,760 | INFO | Loading data from data/sample.csv
2026-01-23 23:11:38,763 | INFO | Schema validation passed
2026-01-23 23:11:38,763 | INFO | Feature engineering completed | X: (10, 1), y: (10,)
2026-01-23 23:11:38,766 | INFO | Model evaluation metrics: {'rmse': np.float64(5.1448789686149945e-12), 'r2': 1.0}
2026-01-23 23:11:38,767 | INFO | Model saved to artificats/models/linear_regression.pkl
2026-01-23 23:11:38,770 | INFO | Sample prediction: [130000.]
2026-01-23 23:11:38,771 | INFO | Run metadata saved to artifacts\metadata\run_metadata.json
2026-01-23 23:11:38,771 | INFO | Pipeline completed successfully
2026-01-23 23:12:45,813 | INFO | Pipeline started
2026-01-23 23:12:45,813 | INFO | Loading data from data/sample.csv
2026-01-23 23:12:45,815 | INFO | Schema validation passed
2026-01-23 23:12:45,816 | INFO | Feature engineering completed | X: (10, 1), y: (10,)
2026-01-23 23:12:45,819 | INFO | Model evaluation metrics: {'rmse': np.float64(5.1448789686149945e-12), 'r2': 1.0}
2026-01-23 23:12:45,820 | INFO | Model saved to artificats/models/linear_regression.pkl
2026-01-23 23:12:45,823 | INFO | Sample prediction: [130000.]
2026-01-23 23:12:45,824 | INFO | Run metadata saved to artifacts\metadata\run_metadata.json
2026-01-23 23:12:45,824 | INFO | Pipeline completed successfully
2026-01-23 23:18:47,854 | INFO | Pipeline started
2026-01-23 23:18:47,855 | INFO | Loading data from data/sample.csv
2026-01-23 23:18:47,857 | INFO | Schema validation passed
2026-01-23 23:18:47,858 | INFO | Feature engineering completed | X: (10, 1), y: (10,)
2026-01-23 23:18:47,861 | INFO | Model evaluation metrics: {'rmse': np.float64(5.1448789686149945e-12), 'r2': 1.0}
2026-01-23 23:18:47,863 | INFO | Model saved to artificats/models/linear_regression.pkl
2026-01-23 23:18:47,865 | INFO | Sample prediction: [130000.]
2026-01-23 23:18:47,865 | INFO | Run metadata saved to artifacts\metadata\run_metadata.json
2026-01-23 23:18:47,865 | INFO | Pipeline completed successfully
2026-01-23 23:33:56,321 | INFO | Pipeline started
2026-01-23 23:33:56,322 | INFO | Loading data from data/sample.csv
2026-01-23 23:33:56,324 | INFO | Schema validation passed
2026-01-23 23:33:56,325 | INFO | Feature engineering completed | X: (10, 1), y: (10,)
2026-01-23 23:33:56,328 | INFO | Model evaluation metrics: {'rmse': np.float64(5.1448789686149945e-12), 'r2': 1.0}
2026-01-23 23:33:56,329 | INFO | Model saved to C:\Users\vsoha\Desktop\Work\Project\ml-data-pipeline\artifacts\models\linear_regression.pkl
2026-01-23 23:33:56,332 | INFO | Sample prediction: [130000.]
2026-01-23 23:33:56,333 | INFO | Run metadata saved to C:\Users\vsoha\Desktop\Work\Project\ml-data-pipeline\artifacts\metadata\run_metadata.json
2026-01-23 23:33:56,333 | INFO | Pipeline completed successfully
2026-01-27 22:49:06,237 | INFO | Pipeline started
2026-01-27 22:49:06,240 | INFO | Loading data from data/sample.csv
2026-01-27 22:49:06,323 | INFO | Schema validation passed
2026-01-27 22:49:06,346 | INFO | Feature engineering completed | X: (742, 175), y: (742,)
2026-01-27 22:49:06,464 | INFO | Model evaluation metrics: {'rmse': np.float64(26.74688394431581), 'r2': 0.5623182002597886}
2026-01-27 22:49:06,467 | INFO | Model saved to C:\Users\vsoha\Desktop\Work\Project\ml-data-pipeline\artifacts\models\linear_regression.pkl
2026-01-27 22:49:35,468 | INFO | Pipeline started
2026-01-27 22:49:35,469 | INFO | Loading data from data/sample.csv
2026-01-27 22:49:35,527 | INFO | Schema validation passed
2026-01-27 22:49:35,547 | INFO | Feature engineering completed | X: (742, 175), y: (742,)
2026-01-27 22:49:35,607 | INFO | Model evaluation metrics: {'rmse': np.float64(26.74688394431581), 'r2': 0.5623182002597886}
2026-01-27 22:49:35,610 | INFO | Model saved to C:\Users\vsoha\Desktop\Work\Project\ml-data-pipeline\artifacts\models\linear_regression.pkl
2026-01-27 22:49:35,614 | INFO | Sample prediction: [113.70886581]
2026-01-27 22:49:35,616 | INFO | Run metadata saved to C:\Users\vsoha\Desktop\Work\Project\ml-data-pipeline\artifacts\metadata\run_metadata.json
2026-01-27 22:49:35,617 | INFO | Pipeline completed successfully
2026-01-27 22:50:39,161 | INFO | Pipeline started
2026-01-27 22:50:39,161 | INFO | Loading data from data/sample.csv
2026-01-27 22:50:39,209 | INFO | Schema validation passed
2026-01-27 22:50:39,230 | INFO | Feature engineering completed | X: (742, 175), y: (742,)
2026-01-27 22:50:39,282 | INFO | Model evaluation metrics: {'rmse': np.float64(26.74688394431581), 'r2': 0.5623182002597886}
2026-01-27 22:50:58,616 | INFO | Pipeline started
2026-01-27 22:50:58,616 | INFO | Loading data from data/sample.csv
2026-01-27 22:50:58,715 | INFO | Schema validation passed
2026-01-27 22:50:58,736 | INFO | Feature engineering completed | X: (742, 175), y: (742,)
2026-01-27 22:50:58,795 | INFO | Model evaluation metrics: {'rmse': np.float64(26.74688394431581), 'r2': 0.5623182002597886}
2026-01-27 22:50:58,801 | INFO | Model saved to C:\Users\vsoha\Desktop\Work\Project\ml-data-pipeline\artifacts\models\linear_regression.pkl and preprocessor to C:\Users\vsoha\Desktop\Work\Project\ml-data-pipeline\artifacts\models\preprocessor.pkl
2026-01-27 22:50:58,804 | INFO | Sample prediction: [113.70886581]
2026-01-27 22:50:58,806 | INFO | Run metadata saved to C:\Users\vsoha\Desktop\Work\Project\ml-data-pipeline\artifacts\metadata\run_metadata.json
2026-01-27 22:50:58,806 | INFO | Pipeline completed successfully
2026-01-27 22:56:34,080 | INFO | Pipeline started
2026-01-27 22:56:34,080 | INFO | Loading data from data/sample.csv
2026-01-27 22:56:34,141 | INFO | Schema validation passed
2026-01-27 22:56:34,162 | INFO | Feature engineering completed | X: (742, 175), y: (742,)
2026-01-27 22:56:34,220 | INFO | Model evaluation metrics: {'rmse': np.float64(26.74688394431581), 'r2': 0.5623182002597886}
2026-01-27 22:56:34,226 | INFO | Model saved to C:\Users\vsoha\Desktop\Work\Project\ml-data-pipeline\artifacts\models\linear_regression.pkl and preprocessor to C:\Users\vsoha\Desktop\Work\Project\ml-data-pipeline\artifacts\models\preprocessor.pkl
2026-01-27 22:56:34,230 | INFO | Sample prediction: [113.70886581]
2026-01-27 22:56:34,232 | INFO | Run metadata saved to C:\Users\vsoha\Desktop\Work\Project\ml-data-pipeline\artifacts\metadata\run_metadata.json
2026-01-27 22:56:34,232 | INFO | Pipeline completed successfully
2026-01-28 21:11:39,861 | INFO | Pipeline started
2026-01-28 21:11:39,862 | INFO | Loading data from data/sample.csv
2026-01-28 21:11:40,334 | INFO | Schema validation passed
2026-01-28 21:11:40,434 | INFO | Feature engineering completed | X: (742, 175), y: (742,)
2026-01-28 21:11:40,649 | INFO | Model evaluation metrics: {'rmse': np.float64(26.74688394431581), 'r2': 0.5623182002597886}
2026-01-28 21:11:40,677 | INFO | Model saved to C:\Users\vsoha\Desktop\Work\Project\ml-data-pipeline\artifacts\models\linear_regression.pkl and preprocessor to C:\Users\vsoha\Desktop\Work\Project\ml-data-pipeline\artifacts\models\preprocessor.pkl
2026-01-28 21:11:40,746 | INFO | Sample prediction: [113.70886581]
2026-01-28 21:11:40,753 | INFO | Run metadata saved to C:\Users\vsoha\Desktop\Work\Project\ml-data-pipeline\artifacts\metadata\run_metadata.json
2026-01-28 21:11:40,753 | INFO | Pipeline completed successfully
2026-01-29 00:30:34,350 | INFO | Pipeline started
2026-01-29 00:30:34,351 | INFO | Loading data from data/sample.csv
2026-01-29 00:30:34,377 | INFO | Schema validation passed
2026-01-29 00:30:34,387 | INFO | Feature engineering completed | X: (742, 175), y: (742,)
2026-01-29 00:30:34,408 | INFO | Model evaluation metrics: {'rmse': np.float64(26.74688394431581), 'r2': 0.5623182002597886}
2026-01-29 00:30:34,411 | INFO | Model saved to C:\Users\vsoha\Desktop\Work\Project\ml-data-pipeline\artifacts\models\linear_regression.pkl and preprocessor to C:\Users\vsoha\Desktop\Work\Project\ml-data-pipeline\artifacts\models\preprocessor.pkl
2026-01-29 00:30:34,431 | INFO | Sample prediction: [113.70886581]
2026-01-29 00:30:34,431 | INFO | Run metadata saved to C:\Users\vsoha\Desktop\Work\Project\ml-data-pipeline\artifacts\metadata\run_metadata.json
2026-01-29 00:30:34,432 | INFO | Pipeline completed successfully
2026-01-29 23:01:50,930 | INFO | Pipeline started
2026-01-29 23:01:50,930 | INFO | Loading data from data/sample.csv
2026-01-29 23:01:51,117 | INFO | Schema validation passed
2026-01-29 23:01:51,142 | INFO | Feature engineering completed | X: (742, 175), y: (742,)
2026-01-29 23:01:51,212 | INFO | Model evaluation metrics: {'rmse': np.float64(26.74688394431581), 'r2': 0.5623182002597886}
2026-01-29 23:01:51,218 | INFO | Model saved to C:\Users\vsoha\Desktop\Work\Project\ml-data-pipeline\artifacts\models\linear_regression.pkl and preprocessor to C:\Users\vsoha\Desktop\Work\Project\ml-data-pipeline\artifacts\models\preprocessor.pkl
2026-01-29 23:01:51,246 | INFO | Sample prediction: [113.70886581]
2026-01-29 23:01:51,251 | INFO | Run metadata saved to C:\Users\vsoha\Desktop\Work\Project\ml-data-pipeline\artifacts\metadata\run_metadata.json
2026-01-29 23:01:51,252 | INFO | Pipeline completed successfully
2026-01-29 23:04:35,665 | INFO | Pipeline started
2026-01-29 23:04:35,666 | INFO | Loading data from data/sample.csv
2026-01-29 23:04:35,720 | INFO | Schema validation passed
2026-01-29 23:04:35,744 | INFO | Feature engineering completed | X: (742, 175), y: (742,)
2026-01-29 23:04:35,785 | INFO | Model evaluation metrics: {'rmse': np.float64(26.74688394431581), 'r2': 0.5623182002597886}
2026-01-29 23:04:35,792 | INFO | Model saved to C:\Users\vsoha\Desktop\Work\Project\ml-data-pipeline\artifacts\models\linear_regression.pkl and preprocessor to C:\Users\vsoha\Desktop\Work\Project\ml-data-pipeline\artifacts\models\preprocessor.pkl
2026-01-29 23:04:35,796 | INFO | Sample prediction: [113.70886581]
2026-01-29 23:04:35,797 | INFO | Run metadata saved to C:\Users\vsoha\Desktop\Work\Project\ml-data-pipeline\artifacts\metadata\run_metadata.json
2026-01-29 23:04:35,798 | INFO | Pipeline completed successfully
2026-02-02 21:58:13,987 | INFO | Pipeline started
2026-02-02 21:58:13,990 | INFO | Pipeline started
2026-02-02 21:58:13,991 | INFO | Loading data from data/sample.csv
2026-02-02 21:58:13,991 | INFO | Loading data from data/sample.csv
2026-02-02 21:58:14,220 | INFO | Schema validation passed
2026-02-02 21:58:14,241 | INFO | Feature engineering completed | X: (742, 175), y: (742,)
2026-02-02 21:58:14,242 | INFO | Feature engineering completed | X: (742, 175), y: (742,)
2026-02-02 21:58:15,027 | INFO | Model evaluation metrics: {'rmse': np.float64(18.96687155128523), 'r2': 0.7799083799842499}
2026-02-02 21:58:15,033 | INFO | Model evaluation metrics: {'rmse': np.float64(18.96687155128523), 'r2': 0.7799083799842499}
2026-02-02 21:58:15,073 | INFO | Model saved to C:\Users\vsoha\Desktop\Work\Project\Paylens_AI\artifacts\models\linear_regression.pkl and preprocessor to C:\Users\vsoha\Desktop\Work\Project\Paylens_AI\artifacts\models\preprocessor.pkl
2026-02-02 21:58:15,074 | INFO | Model saved to C:\Users\vsoha\Desktop\Work\Project\Paylens_AI\artifacts\models\linear_regression.pkl and preprocessor to C:\Users\vsoha\Desktop\Work\Project\Paylens_AI\artifacts\models\preprocessor.pkl
2026-02-02 21:58:15,143 | INFO | Sample prediction: [112.76]
2026-02-02 21:58:15,144 | INFO | Run metadata saved to C:\Users\vsoha\Desktop\Work\Project\Paylens_AI\artifacts\metadata\run_metadata.json
2026-02-02 21:58:15,145 | INFO | Pipeline completed successfully
2026-02-02 21:58:15,145 | INFO | Sample prediction: [112.76]
2026-02-02 21:58:15,147 | INFO | Run metadata saved to C:\Users\vsoha\Desktop\Work\Project\Paylens_AI\artifacts\metadata\run_metadata.json
2026-02-02 21:58:15,147 | INFO | Pipeline completed successfully
2026-02-02 21:58:35,143 | INFO | Pipeline started
2026-02-02 21:58:35,144 | INFO | Loading data from data/sample.csv
2026-02-02 21:58:35,192 | INFO | Schema validation passed
2026-02-02 21:58:35,212 | INFO | Feature engineering completed | X: (742, 175), y: (742,)
2026-02-02 21:58:36,051 | INFO | Model evaluation metrics: {'rmse': np.float64(18.96687155128523), 'r2': 0.7799083799842499}
2026-02-02 21:58:36,131 | INFO | Model saved to C:\Users\vsoha\Desktop\Work\Project\Paylens_AI\artifacts\models\random_forest_regressor.pkl and preprocessor to C:\Users\vsoha\Desktop\Work\Project\Paylens_AI\artifacts\models\preprocessor.pkl
2026-02-02 21:58:36,200 | INFO | Sample prediction: [112.76]
2026-02-02 21:58:36,202 | INFO | Run metadata saved to C:\Users\vsoha\Desktop\Work\Project\Paylens_AI\artifacts\metadata\run_metadata.json
2026-02-02 21:58:36,202 | INFO | Pipeline completed successfully
2026-02-02 22:03:05,297 | INFO | Pipeline started
2026-02-02 22:03:05,297 | INFO | Loading data from data/sample.csv
2026-02-02 22:03:05,350 | INFO | Schema validation passed
2026-02-02 22:03:05,373 | INFO | Feature engineering completed | X: (742, 175), y: (742,)
2026-02-02 22:03:06,102 | INFO | Model evaluation metrics: {'rmse': np.float64(18.96687155128523), 'r2': 0.7799083799842499}
2026-02-02 22:03:06,144 | INFO | Model saved to C:\Users\vsoha\Desktop\Work\Project\Paylens_AI\artifacts\models\random_forest_regressor.pkl and preprocessor to C:\Users\vsoha\Desktop\Work\Project\Paylens_AI\artifacts\models\preprocessor.pkl
2026-02-02 22:03:06,205 | INFO | Sample prediction: [112.76]
2026-02-02 22:03:06,207 | INFO | Run metadata saved to C:\Users\vsoha\Desktop\Work\Project\Paylens_AI\artifacts\metadata\run_metadata.json
2026-02-02 22:03:06,208 | INFO | Pipeline completed successfully
